TN:
SF:/Users/mahith/Library/Mobile Documents/com~apple~CloudDocs/Husky/Coursework/INFO7500/Assignments/Assignment 04/Dutch-Auction/v3.0/contracts/NFTDutchAuction_ERC20Bids.sol
FN:60,constructor
FN:87,currentBlock
FN:92,blockDifference
FN:97,currentPrice
FN:102,isAuctionOpen
FN:110,finalize
FN:125,bid
FNF:7
FNH:7
FNDA:3,constructor
FNDA:11,currentBlock
FNDA:11,blockDifference
FNDA:6,currentPrice
FNDA:5,isAuctionOpen
FNDA:2,finalize
FNDA:5,bid
DA:64,3
DA:65,3
DA:66,3
DA:69,3
DA:70,3
DA:71,3
DA:74,3
DA:77,3
DA:78,3
DA:79,3
DA:82,3
DA:88,11
DA:93,11
DA:98,6
DA:103,5
DA:111,2
DA:112,2
DA:113,2
DA:128,5
DA:131,4
DA:134,4
DA:137,4
DA:140,3
DA:143,2
DA:144,2
DA:147,2
LF:26
LH:26
BRDA:74,1,0,3
BRDA:74,1,1,0
BRDA:128,2,0,4
BRDA:128,2,1,1
BRDA:131,3,0,4
BRDA:131,3,1,0
BRDA:134,4,0,4
BRDA:134,4,1,0
BRDA:137,5,0,3
BRDA:137,5,1,1
BRDA:140,6,0,2
BRDA:140,6,1,1
BRDA:144,7,0,2
BRDA:144,7,1,0
BRF:14
BRH:10
end_of_record
TN:
SF:/Users/mahith/Library/Mobile Documents/com~apple~CloudDocs/Husky/Coursework/INFO7500/Assignments/Assignment 04/Dutch-Auction/v3.0/contracts/UniqNFT.sol
FN:27,constructor
FN:32,safeMint
FNF:2
FNH:2
FNDA:3,constructor
FNDA:2,safeMint
DA:28,3
DA:34,2
DA:37,2
DA:40,2
DA:41,2
LF:5
LH:5
BRDA:32,1,0,2
BRDA:32,1,1,1
BRDA:34,2,0,2
BRDA:34,2,1,0
BRF:4
BRH:3
end_of_record
TN:
SF:/Users/mahith/Library/Mobile Documents/com~apple~CloudDocs/Husky/Coursework/INFO7500/Assignments/Assignment 04/Dutch-Auction/v3.0/contracts/UniqToken.sol
FN:22,constructor
FN:27,currentPrice
FN:35,invoice
FN:40,refund
FN:49,mint
FN:60,buy
FNF:6
FNH:5
FNDA:3,constructor
FNDA:2,currentPrice
FNDA:1,invoice
FNDA:0,refund
FNDA:1,mint
FNDA:1,buy
DA:23,3
DA:28,2
DA:36,1
DA:41,0
DA:52,1
DA:55,1
DA:63,1
DA:64,1
DA:67,1
DA:68,0
DA:72,1
LF:11
LH:9
BRDA:52,1,0,1
BRDA:52,1,1,0
BRDA:64,2,0,1
BRDA:64,2,1,0
BRDA:67,3,0,0
BRDA:67,3,1,1
BRF:6
BRH:3
end_of_record
