{"contracts/NFTDutchAuction_ERC20Bids.sol":{"l":{"64":3,"65":3,"66":3,"69":3,"70":3,"71":3,"74":3,"77":3,"78":3,"79":3,"82":3,"88":11,"93":11,"98":6,"103":5,"111":2,"112":2,"113":2,"128":5,"131":4,"134":4,"137":4,"140":3,"143":2,"144":2,"147":2},"path":"/Users/mahith/Library/Mobile Documents/com~apple~CloudDocs/Husky/Coursework/INFO7500/Assignments/Assignment 04/Dutch-Auction/v3.0/contracts/NFTDutchAuction_ERC20Bids.sol","s":{"1":3,"2":11,"3":11,"4":6,"5":5,"6":2,"7":5,"8":4,"9":4,"10":4,"11":3,"12":2,"13":2,"14":2},"b":{"1":[3,0],"2":[4,1],"3":[4,0],"4":[4,0],"5":[3,1],"6":[2,1],"7":[2,0]},"f":{"1":3,"2":11,"3":11,"4":6,"5":5,"6":2,"7":5},"fnMap":{"1":{"name":"constructor","line":60,"loc":{"start":{"line":60,"column":4},"end":{"line":84,"column":4}}},"2":{"name":"currentBlock","line":87,"loc":{"start":{"line":87,"column":4},"end":{"line":89,"column":4}}},"3":{"name":"blockDifference","line":92,"loc":{"start":{"line":92,"column":4},"end":{"line":94,"column":4}}},"4":{"name":"currentPrice","line":97,"loc":{"start":{"line":97,"column":4},"end":{"line":99,"column":4}}},"5":{"name":"isAuctionOpen","line":102,"loc":{"start":{"line":102,"column":4},"end":{"line":104,"column":4}}},"6":{"name":"finalize","line":110,"loc":{"start":{"line":110,"column":4},"end":{"line":114,"column":4}}},"7":{"name":"bid","line":125,"loc":{"start":{"line":125,"column":4},"end":{"line":149,"column":4}}}},"statementMap":{"1":{"start":{"line":74,"column":8},"end":{"line":74,"column":84}},"2":{"start":{"line":88,"column":8},"end":{"line":88,"column":27}},"3":{"start":{"line":93,"column":8},"end":{"line":93,"column":41}},"4":{"start":{"line":98,"column":8},"end":{"line":98,"column":71}},"5":{"start":{"line":103,"column":8},"end":{"line":103,"column":56}},"6":{"start":{"line":111,"column":8},"end":{"line":111,"column":52}},"7":{"start":{"line":128,"column":8},"end":{"line":128,"column":52}},"8":{"start":{"line":131,"column":8},"end":{"line":131,"column":70}},"9":{"start":{"line":134,"column":8},"end":{"line":134,"column":59}},"10":{"start":{"line":137,"column":8},"end":{"line":137,"column":55}},"11":{"start":{"line":140,"column":8},"end":{"line":140,"column":62}},"12":{"start":{"line":143,"column":8},"end":{"line":143,"column":86}},"13":{"start":{"line":144,"column":8},"end":{"line":144,"column":51}},"14":{"start":{"line":147,"column":8},"end":{"line":147,"column":27}}},"branchMap":{"1":{"line":74,"type":"if","locations":[{"start":{"line":74,"column":8},"end":{"line":74,"column":8}},{"start":{"line":74,"column":8},"end":{"line":74,"column":8}}]},"2":{"line":128,"type":"if","locations":[{"start":{"line":128,"column":8},"end":{"line":128,"column":8}},{"start":{"line":128,"column":8},"end":{"line":128,"column":8}}]},"3":{"line":131,"type":"if","locations":[{"start":{"line":131,"column":8},"end":{"line":131,"column":8}},{"start":{"line":131,"column":8},"end":{"line":131,"column":8}}]},"4":{"line":134,"type":"if","locations":[{"start":{"line":134,"column":8},"end":{"line":134,"column":8}},{"start":{"line":134,"column":8},"end":{"line":134,"column":8}}]},"5":{"line":137,"type":"if","locations":[{"start":{"line":137,"column":8},"end":{"line":137,"column":8}},{"start":{"line":137,"column":8},"end":{"line":137,"column":8}}]},"6":{"line":140,"type":"if","locations":[{"start":{"line":140,"column":8},"end":{"line":140,"column":8}},{"start":{"line":140,"column":8},"end":{"line":140,"column":8}}]},"7":{"line":144,"type":"if","locations":[{"start":{"line":144,"column":8},"end":{"line":144,"column":8}},{"start":{"line":144,"column":8},"end":{"line":144,"column":8}}]}}},"contracts/UniqNFT.sol":{"l":{"28":3,"34":2,"37":2,"40":2,"41":2},"path":"/Users/mahith/Library/Mobile Documents/com~apple~CloudDocs/Husky/Coursework/INFO7500/Assignments/Assignment 04/Dutch-Auction/v3.0/contracts/UniqNFT.sol","s":{"1":2,"2":2,"3":2},"b":{"1":[2,1],"2":[2,0]},"f":{"1":3,"2":2},"fnMap":{"1":{"name":"constructor","line":27,"loc":{"start":{"line":27,"column":4},"end":{"line":29,"column":4}}},"2":{"name":"safeMint","line":32,"loc":{"start":{"line":32,"column":4},"end":{"line":42,"column":4}}}},"statementMap":{"1":{"start":{"line":34,"column":8},"end":{"line":34,"column":62}},"2":{"start":{"line":37,"column":8},"end":{"line":37,"column":28}},"3":{"start":{"line":40,"column":8},"end":{"line":40,"column":36}}},"branchMap":{"1":{"line":32,"type":"if","locations":[{"start":{"line":32,"column":41},"end":{"line":32,"column":41}},{"start":{"line":32,"column":41},"end":{"line":32,"column":41}}]},"2":{"line":34,"type":"if","locations":[{"start":{"line":34,"column":8},"end":{"line":34,"column":8}},{"start":{"line":34,"column":8},"end":{"line":34,"column":8}}]}}},"contracts/UniqToken.sol":{"l":{"23":3,"28":2,"36":1,"41":0,"52":1,"55":1,"63":1,"64":1,"67":1,"68":0,"72":1},"path":"/Users/mahith/Library/Mobile Documents/com~apple~CloudDocs/Husky/Coursework/INFO7500/Assignments/Assignment 04/Dutch-Auction/v3.0/contracts/UniqToken.sol","s":{"1":2,"2":1,"3":0,"4":1,"5":1,"6":1,"7":1,"8":1,"9":0,"10":1},"b":{"1":[1,0],"2":[1,0],"3":[0,1]},"f":{"1":3,"2":2,"3":1,"4":0,"5":1,"6":1},"fnMap":{"1":{"name":"constructor","line":22,"loc":{"start":{"line":22,"column":4},"end":{"line":24,"column":4}}},"2":{"name":"currentPrice","line":27,"loc":{"start":{"line":27,"column":4},"end":{"line":29,"column":4}}},"3":{"name":"invoice","line":35,"loc":{"start":{"line":35,"column":4},"end":{"line":37,"column":4}}},"4":{"name":"refund","line":40,"loc":{"start":{"line":40,"column":4},"end":{"line":42,"column":4}}},"5":{"name":"mint","line":49,"loc":{"start":{"line":49,"column":4},"end":{"line":56,"column":4}}},"6":{"name":"buy","line":60,"loc":{"start":{"line":60,"column":4},"end":{"line":73,"column":4}}}},"statementMap":{"1":{"start":{"line":28,"column":8},"end":{"line":28,"column":18}},"2":{"start":{"line":36,"column":8},"end":{"line":36,"column":42}},"3":{"start":{"line":41,"column":8},"end":{"line":41,"column":43}},"4":{"start":{"line":52,"column":8},"end":{"line":52,"column":68}},"5":{"start":{"line":55,"column":8},"end":{"line":55,"column":33}},"6":{"start":{"line":63,"column":8},"end":{"line":63,"column":52}},"7":{"start":{"line":64,"column":8},"end":{"line":64,"column":62}},"8":{"start":{"line":67,"column":8},"end":{"line":67,"column":1909}},"9":{"start":{"line":68,"column":12},"end":{"line":68,"column":41}},"10":{"start":{"line":72,"column":8},"end":{"line":72,"column":27}}},"branchMap":{"1":{"line":52,"type":"if","locations":[{"start":{"line":52,"column":8},"end":{"line":52,"column":8}},{"start":{"line":52,"column":8},"end":{"line":52,"column":8}}]},"2":{"line":64,"type":"if","locations":[{"start":{"line":64,"column":8},"end":{"line":64,"column":8}},{"start":{"line":64,"column":8},"end":{"line":64,"column":8}}]},"3":{"line":67,"type":"if","locations":[{"start":{"line":67,"column":8},"end":{"line":67,"column":8}},{"start":{"line":67,"column":8},"end":{"line":67,"column":8}}]}}}}