{
"contracts/NFTDutchAuction.sol":{"l":{"22":15,"23":15,"24":15,"28":3,"29":0,"30":0,"31":0,"32":0,"36":1,"37":0,"38":0,"39":0,"40":0,"41":0,"42":0,"43":0,"44":0,"45":0,"46":0,"48":0,"50":0,"54":0,"55":0,"56":0,"57":0,"61":0,"62":0,"63":0,"64":0,"66":0,"68":0,"69":0,"70":0},"path":"/Users/toni/info7500/v2.0/contracts/NFTDutchAuction.sol","s":{"1":3,"2":0,"3":0,"4":1,"5":0,"6":0,"7":0,"8":0,"9":0,"10":0,"11":0,"12":0,"13":0,"14":0,"15":0,"16":0,"17":0,"18":0,"19":0,"20":0,"21":0,"22":0,"23":0,"24":0,"25":0},"b":{"1":[3,0],"2":[0,3],"3":[0,0],"4":[0,1],"5":[0,0],"6":[0,0],"7":[0,0],"8":[0,0],"9":[0,0],"10":[0,0],"11":[0,0],"12":[0,0]},"f":{"1":15,"2":3,"3":1,"4":0,"5":0},"fnMap":{"1":{"name":"constructor","line":21,"loc":{"start":{"line":21,"column":4},"end":{"line":25,"column":4}}},"2":{"name":"createAuction","line":27,"loc":{"start":{"line":27,"column":4},"end":{"line":33,"column":4}}},"3":{"name":"bid","line":35,"loc":{"start":{"line":35,"column":4},"end":{"line":51,"column":4}}},"4":{"name":"cancelAuction","line":53,"loc":{"start":{"line":53,"column":4},"end":{"line":58,"column":4}}},"5":{"name":"currentPrice","line":60,"loc":{"start":{"line":60,"column":4},"end":{"line":72,"column":4}}}},"statementMap":{"1":{"start":{"line":28,"column":8},"end":{"line":28,"column":74}},"2":{"start":{"line":29,"column":8},"end":{"line":29,"column":98}},"3":{"start":{"line":32,"column":8},"end":{"line":32,"column":75}},"4":{"start":{"line":36,"column":8},"end":{"line":36,"column":93}},"5":{"start":{"line":37,"column":8},"end":{"line":37,"column":109}},"6":{"start":{"line":38,"column":8},"end":{"line":38,"column":83}},"7":{"start":{"line":39,"column":8},"end":{"line":39,"column":46}},"8":{"start":{"line":40,"column":8},"end":{"line":40,"column":49}},"9":{"start":{"line":43,"column":8},"end":{"line":43,"column":50}},"10":{"start":{"line":44,"column":8},"end":{"line":44,"column":1927}},"11":{"start":{"line":45,"column":12},"end":{"line":45,"column":50}},"12":{"start":{"line":46,"column":12},"end":{"line":46,"column":62}},"13":{"start":{"line":48,"column":12},"end":{"line":48,"column":50}},"14":{"start":{"line":50,"column":8},"end":{"line":50,"column":63}},"15":{"start":{"line":54,"column":8},"end":{"line":54,"column":93}},"16":{"start":{"line":57,"column":8},"end":{"line":57,"column":39}},"17":{"start":{"line":61,"column":8},"end":{"line":61,"column":93}},"18":{"start":{"line":62,"column":8},"end":{"line":62,"column":71}},"19":{"start":{"line":63,"column":8},"end":{"line":63,"column":2759}},"20":{"start":{"line":64,"column":12},"end":{"line":64,"column":32}},"21":{"start":{"line":65,"column":15},"end":{"line":65,"column":2836}},"22":{"start":{"line":66,"column":12},"end":{"line":66,"column":30}},"23":{"start":{"line":68,"column":12},"end":{"line":68,"column":57}},"24":{"start":{"line":69,"column":12},"end":{"line":69,"column":55}},"25":{"start":{"line":70,"column":12},"end":{"line":70,"column":62}}},"branchMap":{"1":{"line":27,"type":"if","locations":[{"start":{"line":27,"column":49},"end":{"line":27,"column":49}},{"start":{"line":27,"column":49},"end":{"line":27,"column":49}}]},"2":{"line":28,"type":"if","locations":[{"start":{"line":28,"column":8},"end":{"line":28,"column":8}},{"start":{"line":28,"column":8},"end":{"line":28,"column":8}}]},"3":{"line":29,"type":"if","locations":[{"start":{"line":29,"column":8},"end":{"line":29,"column":8}},{"start":{"line":29,"column":8},"end":{"line":29,"column":8}}]},"4":{"line":36,"type":"if","locations":[{"start":{"line":36,"column":8},"end":{"line":36,"column":8}},{"start":{"line":36,"column":8},"end":{"line":36,"column":8}}]},"5":{"line":37,"type":"if","locations":[{"start":{"line":37,"column":8},"end":{"line":37,"column":8}},{"start":{"line":37,"column":8},"end":{"line":37,"column":8}}]},"6":{"line":38,"type":"if","locations":[{"start":{"line":38,"column":8},"end":{"line":38,"column":8}},{"start":{"line":38,"column":8},"end":{"line":38,"column":8}}]},"7":{"line":44,"type":"if","locations":[{"start":{"line":44,"column":8},"end":{"line":44,"column":8}},{"start":{"line":44,"column":8},"end":{"line":44,"column":8}}]},"8":{"line":53,"type":"if","locations":[{"start":{"line":53,"column":49},"end":{"line":53,"column":49}},{"start":{"line":53,"column":49},"end":{"line":53,"column":49}}]},"9":{"line":54,"type":"if","locations":[{"start":{"line":54,"column":8},"end":{"line":54,"column":8}},{"start":{"line":54,"column":8},"end":{"line":54,"column":8}}]},"10":{"line":61,"type":"if","locations":[{"start":{"line":61,"column":8},"end":{"line":61,"column":8}},{"start":{"line":61,"column":8},"end":{"line":61,"column":8}}]},"11":{"line":63,"type":"if","locations":[{"start":{"line":63,"column":8},"end":{"line":63,"column":8}},{"start":{"line":63,"column":8},"end":{"line":63,"column":8}}]},"12":{"line":65,"type":"if","locations":[{"start":{"line":65,"column":15},"end":{"line":65,"column":15}},{"start":{"line":65,"column":15},"end":{"line":65,"column":15}}]}}}}
