TN:
SF:/Users/toni/info7500/v2.0/contracts/NFTDutchAuction.sol
FN:21,constructor
FN:27,createAuction
FN:35,bid
FN:53,cancelAuction
FN:60,currentPrice
FNF:5
FNH:3
FNDA:15,constructor
FNDA:3,createAuction
FNDA:1,bid
FNDA:0,cancelAuction
FNDA:0,currentPrice
DA:22,15
DA:23,15
DA:24,15
DA:28,3
DA:29,0
DA:30,0
DA:31,0
DA:32,0
DA:36,1
DA:37,0
DA:38,0
DA:39,0
DA:40,0
DA:41,0
DA:42,0
DA:43,0
DA:44,0
DA:45,0
DA:46,0
DA:48,0
DA:50,0
DA:54,0
DA:55,0
DA:56,0
DA:57,0
DA:61,0
DA:62,0
DA:63,0
DA:64,0
DA:66,0
DA:68,0
DA:69,0
DA:70,0
LF:33
LH:5
BRDA:27,1,0,3
BRDA:27,1,1,0
BRDA:28,2,0,0
BRDA:28,2,1,3
BRDA:29,3,0,0
BRDA:29,3,1,0
BRDA:36,4,0,0
BRDA:36,4,1,1
BRDA:37,5,0,0
BRDA:37,5,1,0
BRDA:38,6,0,0
BRDA:38,6,1,0
BRDA:44,7,0,0
BRDA:44,7,1,0
BRDA:53,8,0,0
BRDA:53,8,1,0
BRDA:54,9,0,0
BRDA:54,9,1,0
BRDA:61,10,0,0
BRDA:61,10,1,0
BRDA:63,11,0,0
BRDA:63,11,1,0
BRDA:65,12,0,0
BRDA:65,12,1,0
BRF:24
BRH:3
end_of_record
